<?xml version="1.0" encoding="UTF-8"?>
<testng-results ignored="0" total="4" passed="4" failed="0" skipped="0">
  <reporter-output>
  </reporter-output>
  <suite started-at="2018-05-22T12:41:13Z" name="All Test Suite" finished-at="2018-05-22T12:41:24Z" duration-ms="10586">
    <groups>
    </groups>
    <test started-at="2018-05-22T12:41:13Z" name="C:/Selenium/Projects/IntroductionProper/src/test/java/com/selenium/TestNGTutorial.java" finished-at="2018-05-22T12:41:24Z" duration-ms="10586">
      <class name="com.selenium.TestNGinheritance">
        <test-method is-config="true" signature="Login()[pri:0, instance:com.selenium.TestNGinheritance@478190fc]" started-at="2018-05-22T14:41:13Z" name="Login" finished-at="2018-05-22T14:41:13Z" duration-ms="31" status="PASS">
          <reporter-output>
          </reporter-output>
        </test-method> <!-- Login -->
        <test-method is-config="true" signature="setup()[pri:0, instance:com.selenium.TestNGinheritance@478190fc]" started-at="2018-05-22T14:41:13Z" name="setup" finished-at="2018-05-22T14:41:22Z" duration-ms="8135" status="PASS">
          <reporter-output>
          </reporter-output>
        </test-method> <!-- setup -->
        <test-method signature="methodClassThatExtends()[pri:0, instance:com.selenium.TestNGinheritance@478190fc]" started-at="2018-05-22T14:41:22Z" name="methodClassThatExtends" finished-at="2018-05-22T14:41:24Z" duration-ms="2423" status="PASS">
          <reporter-output>
          </reporter-output>
        </test-method> <!-- methodClassThatExtends -->
        <test-method signature="usesDataProvider(java.lang.String, java.lang.String)[pri:0, instance:com.selenium.TestNGinheritance@478190fc]" started-at="2018-05-22T14:41:24Z" name="usesDataProvider" data-provider="getData" finished-at="2018-05-22T14:41:24Z" duration-ms="0" status="PASS">
          <params>
            <param index="0">
              <value>
                <![CDATA[firstSetUserName ]]>
              </value>
            </param>
            <param index="1">
              <value>
                <![CDATA[ psswd]]>
              </value>
            </param>
          </params>
          <reporter-output>
          </reporter-output>
        </test-method> <!-- usesDataProvider -->
        <test-method signature="usesDataProvider(java.lang.String, java.lang.String)[pri:0, instance:com.selenium.TestNGinheritance@478190fc]" started-at="2018-05-22T14:41:24Z" name="usesDataProvider" data-provider="getData" finished-at="2018-05-22T14:41:24Z" duration-ms="0" status="PASS">
          <params>
            <param index="0">
              <value>
                <![CDATA[thirdSetUserName]]>
              </value>
            </param>
            <param index="1">
              <value>
                <![CDATA[thirdPassword]]>
              </value>
            </param>
          </params>
          <reporter-output>
          </reporter-output>
        </test-method> <!-- usesDataProvider -->
        <test-method signature="usesDataProvider(java.lang.String, java.lang.String)[pri:0, instance:com.selenium.TestNGinheritance@478190fc]" started-at="2018-05-22T14:41:24Z" name="usesDataProvider" data-provider="getData" finished-at="2018-05-22T14:41:24Z" duration-ms="0" status="PASS">
          <params>
            <param index="0">
              <value>
                <![CDATA[secondSetUserName ]]>
              </value>
            </param>
            <param index="1">
              <value>
                <![CDATA[ secondPassword]]>
              </value>
            </param>
          </params>
          <reporter-output>
          </reporter-output>
        </test-method> <!-- usesDataProvider -->
      </class> <!-- com.selenium.TestNGinheritance -->
    </test> <!-- C:/Selenium/Projects/IntroductionProper/src/test/java/com/selenium/TestNGTutorial.java -->
  </suite> <!-- All Test Suite -->
</testng-results>
